0 info it worked if it ends with ok
1 verbose cli [ '/usr/bin/nodejs', '/usr/bin/npm', 'install', '-g', 'bower' ]
2 info using npm@1.3.10
3 info using node@v0.10.25
4 verbose cache add [ 'bower', null ]
5 verbose cache add name=undefined spec="bower" args=["bower",null]
6 verbose parsed url { protocol: null,
6 verbose parsed url   slashes: null,
6 verbose parsed url   auth: null,
6 verbose parsed url   host: null,
6 verbose parsed url   port: null,
6 verbose parsed url   hostname: null,
6 verbose parsed url   hash: null,
6 verbose parsed url   search: null,
6 verbose parsed url   query: null,
6 verbose parsed url   pathname: 'bower',
6 verbose parsed url   path: 'bower',
6 verbose parsed url   href: 'bower' }
7 silly lockFile 206e3ce5-bower bower
8 verbose lock bower /home/denis/.npm/206e3ce5-bower.lock
9 silly lockFile 206e3ce5-bower bower
10 silly lockFile 206e3ce5-bower bower
11 verbose addNamed [ 'bower', '' ]
12 verbose addNamed [ null, '*' ]
13 silly lockFile 1240aab1-bower bower@
14 verbose lock bower@ /home/denis/.npm/1240aab1-bower.lock
15 silly addNameRange { name: 'bower', range: '*', hasData: false }
16 verbose url raw bower
17 verbose url resolving [ 'https://registry.npmjs.org/', './bower' ]
18 verbose url resolved https://registry.npmjs.org/bower
19 info trying registry request attempt 1 at 04:11:35
20 http GET https://registry.npmjs.org/bower
21 http 200 https://registry.npmjs.org/bower
22 silly registry.get cb [ 200,
22 silly registry.get   { date: 'Sun, 12 Apr 2015 11:11:38 GMT',
22 silly registry.get     server: 'CouchDB/1.5.0 (Erlang OTP/R16B03)',
22 silly registry.get     etag: '"B75PZIF9UZTD158RMY4I6WR91"',
22 silly registry.get     'content-type': 'application/json',
22 silly registry.get     'cache-control': 'max-age=60',
22 silly registry.get     'content-length': '111574',
22 silly registry.get     'accept-ranges': 'bytes',
22 silly registry.get     via: '1.1 varnish',
22 silly registry.get     age: '0',
22 silly registry.get     'x-served-by': 'cache-lax1435-LAX',
22 silly registry.get     'x-cache': 'HIT',
22 silly registry.get     'x-cache-hits': '1',
22 silly registry.get     'x-timer': 'S1428837097.957572,VS0,VE44',
22 silly registry.get     vary: 'Accept',
22 silly registry.get     'keep-alive': 'timeout=10, max=50',
22 silly registry.get     connection: 'Keep-Alive' } ]
23 silly addNameRange number 2 { name: 'bower', range: '*', hasData: true }
24 silly addNameRange versions [ 'bower',
24 silly addNameRange   [ '0.1.0',
24 silly addNameRange     '0.1.2',
24 silly addNameRange     '0.1.3',
24 silly addNameRange     '0.2.0',
24 silly addNameRange     '0.3.0',
24 silly addNameRange     '0.3.1',
24 silly addNameRange     '0.3.2',
24 silly addNameRange     '0.4.0',
24 silly addNameRange     '0.5.0',
24 silly addNameRange     '0.5.1',
24 silly addNameRange     '0.6.0',
24 silly addNameRange     '0.6.1',
24 silly addNameRange     '0.6.2',
24 silly addNameRange     '0.6.3',
24 silly addNameRange     '0.6.4',
24 silly addNameRange     '0.6.5',
24 silly addNameRange     '0.6.6',
24 silly addNameRange     '0.6.7',
24 silly addNameRange     '0.6.8',
24 silly addNameRange     '0.7.0',
24 silly addNameRange     '0.7.1',
24 silly addNameRange     '0.8.0',
24 silly addNameRange     '0.8.1',
24 silly addNameRange     '0.8.2',
24 silly addNameRange     '0.8.3',
24 silly addNameRange     '0.8.4',
24 silly addNameRange     '0.8.5',
24 silly addNameRange     '0.8.6',
24 silly addNameRange     '0.9.0',
24 silly addNameRange     '0.9.1',
24 silly addNameRange     '0.9.2',
24 silly addNameRange     '0.10.0',
24 silly addNameRange     '1.0.0',
24 silly addNameRange     '1.0.1',
24 silly addNameRange     '1.0.2',
24 silly addNameRange     '1.0.3',
24 silly addNameRange     '1.1.0',
24 silly addNameRange     '1.1.1',
24 silly addNameRange     '1.1.2',
24 silly addNameRange     '1.2.0',
24 silly addNameRange     '1.2.1',
24 silly addNameRange     '1.2.2',
24 silly addNameRange     '1.2.3',
24 silly addNameRange     '1.2.4',
24 silly addNameRange     '1.2.5',
24 silly addNameRange     '1.2.6',
24 silly addNameRange     '1.2.7',
24 silly addNameRange     '1.2.8',
24 silly addNameRange     '1.3.0',
24 silly addNameRange     '1.3.1',
24 silly addNameRange     '1.3.2',
24 silly addNameRange     '1.3.3',
24 silly addNameRange     '1.3.4',
24 silly addNameRange     '1.3.5',
24 silly addNameRange     '1.3.6',
24 silly addNameRange     '1.3.7',
24 silly addNameRange     '1.3.8',
24 silly addNameRange     '1.3.9',
24 silly addNameRange     '1.3.10',
24 silly addNameRange     '1.3.11',
24 silly addNameRange     '1.3.12',
24 silly addNameRange     '1.4.0',
24 silly addNameRange     '1.4.1' ] ]
25 verbose addNamed [ 'bower', '1.4.1' ]
26 verbose addNamed [ '1.4.1', '1.4.1' ]
27 silly lockFile 185f46c0-bower-1-4-1 bower@1.4.1
28 verbose lock bower@1.4.1 /home/denis/.npm/185f46c0-bower-1-4-1.lock
29 silly lockFile 04dcb06b--npmjs-org-bower-bower-1-4-1-tgz https://registry.npmjs.org/bower/-/bower-1.4.1.tgz
30 verbose lock https://registry.npmjs.org/bower/-/bower-1.4.1.tgz /home/denis/.npm/04dcb06b--npmjs-org-bower-bower-1-4-1-tgz.lock
31 verbose addRemoteTarball [ 'https://registry.npmjs.org/bower/-/bower-1.4.1.tgz',
31 verbose addRemoteTarball   'a18be39d030792754f30f1c5b32d37b0156ba8dd' ]
32 silly lockFile 04dcb06b--npmjs-org-bower-bower-1-4-1-tgz https://registry.npmjs.org/bower/-/bower-1.4.1.tgz
33 silly lockFile 04dcb06b--npmjs-org-bower-bower-1-4-1-tgz https://registry.npmjs.org/bower/-/bower-1.4.1.tgz
34 silly lockFile 185f46c0-bower-1-4-1 bower@1.4.1
35 silly lockFile 185f46c0-bower-1-4-1 bower@1.4.1
36 silly lockFile 1240aab1-bower bower@
37 silly lockFile 1240aab1-bower bower@
38 error Error: EACCES, mkdir '/home/denis/tmp/npm-13886-BzR2I1Xx'
38 error  { [Error: EACCES, mkdir '/home/denis/tmp/npm-13886-BzR2I1Xx']
38 error   errno: 3,
38 error   code: 'EACCES',
38 error   path: '/home/denis/tmp/npm-13886-BzR2I1Xx' }
39 error Please try running this command again as root/Administrator.
40 error System Linux 3.13.0-49-generic
41 error command "/usr/bin/nodejs" "/usr/bin/npm" "install" "-g" "bower"
42 error cwd /var/www/html/SmartQuizzer/SmartQuizzer
43 error node -v v0.10.25
44 error npm -v 1.3.10
45 error path /home/denis/tmp/npm-13886-BzR2I1Xx
46 error code EACCES
47 error errno 3
48 error stack Error: EACCES, mkdir '/home/denis/tmp/npm-13886-BzR2I1Xx'
49 verbose exit [ 3, true ]
